Changed directory to /home/hs621/github/seoulbigdata.

JobID: 14702202
======
Time: Fri Aug 16 01:02:35 BST 2019
Running on master node: cpu-e-62
Current directory: /home/hs621/github/seoulbigdata

Nodes allocated:
================
cpu-e-62

numtasks=, numnodes=1, mpi_tasks_per_node=17 (OMP_NUM_THREADS=1)

Executing command:
==================
Rscript /home/hs621/github/seoulbigdata/fourdaemoon.R

── Attaching packages ─────────────────────────────────────── tidyverse 1.2.1 ──
✔ ggplot2 3.0.0       ✔ purrr   0.3.1  
✔ tibble  2.0.1       ✔ dplyr   0.8.0.1
✔ tidyr   0.8.3       ✔ stringr 1.4.0  
✔ readr   1.3.1       ✔ forcats 0.3.0  
── Conflicts ────────────────────────────────────────── tidyverse_conflicts() ──
✖ dplyr::filter() masks stats::filter()
✖ dplyr::lag()    masks stats::lag()
All defined variables and constants are valid!
Creating simple simulation design
